2026-07-24 10:23:59 [logger] 開始讀取序列埠
2026-07-24 10:23:59 [logger] 重置板子,捕捉開機訊息...
2026-07-24 10:23:59 [車庫門控制器 · 三開關版]
2026-07-24 10:23:59 [開機] 重置原因: External System
2026-07-24 10:23:59 [開機] 本機 MAC = DC:4F:22:54:C3:A0
2026-07-24 10:23:59 [WiFi] 掃描附近網路...
2026-07-24 10:24:02    1: 2-14-3F                           RSSI=-85  加密
2026-07-24 10:24:02    2: 20120306                          RSSI=-93  加密
2026-07-24 10:24:02    3: WZR-TPLINK                        RSSI=-88  加密
2026-07-24 10:24:02    4: WZR 2F                            RSSI=-84  加密
2026-07-24 10:24:02    5: TP-Link_53EC                      RSSI=-93  加密
2026-07-24 10:24:02    6: Jimmy-Wifi6                       RSSI=-69  加密
2026-07-24 10:24:02    7: Jimmy-Wifi6-2-4G                  RSSI=-68  加密
2026-07-24 10:24:02 [WiFi] 掃描結束
2026-07-24 10:24:05 [WiFi] 連線中........[WiFi事件] ⚠️ 斷線!第 1 次,原因碼=2,已連線 0 秒,斷線前RSSI=0 dBm,本次最低RSSI=0 dBm
2026-07-24 10:24:05            (原因碼參考: 2=認證逾期 3=踢出 4=閒置逾時 8=AP離開 15=4-way握手逾時 200=收不到AP信標 201=找不到AP)
2026-07-24 10:24:05 [Heap] 可用=43328 bytes,最大連續區塊=42472 bytes,破碎率=2%
2026-07-24 10:24:06 ...[WiFi事件] ⚠️ 斷線!第 2 次,原因碼=201,已連線 0 秒,斷線前RSSI=0 dBm,本次最低RSSI=0 dBm
2026-07-24 10:24:06            (原因碼參考: 2=認證逾期 3=踢出 4=閒置逾時 8=AP離開 15=4-way握手逾時 200=收不到AP信標 201=找不到AP)
2026-07-24 10:24:06 [Heap] 可用=43328 bytes,最大連續區塊=42472 bytes,破碎率=2%
2026-07-24 10:24:07 ....
2026-07-24 10:24:07 [WiFi] 連線中,尚無訊號強度資料...
2026-07-24 10:24:08 ....[WiFi事件] 已連上 AP,SSID=Jimmy-Wifi6,頻道=9
2026-07-24 10:24:12 .............
2026-07-24 10:24:12 [WiFi] 連線中,尚無訊號強度資料...
2026-07-24 10:24:15 .........
2026-07-24 10:24:15 [WiFi] 逾時,status=7,重新嘗試...
2026-07-24 10:24:17 ........
2026-07-24 10:24:17 [WiFi] 連線中,尚無訊號強度資料...
2026-07-24 10:24:22 .................
2026-07-24 10:24:22 [WiFi] 連線中,尚無訊號強度資料...
