2026-07-24 10:20:23 [logger] 開始讀取序列埠
2026-07-24 10:20:23 [logger] 重置板子,捕捉開機訊息...
2026-07-24 10:20:23 [車庫門控制器 · 三開關版]
2026-07-24 10:20:23 [開機] 重置原因: External System
2026-07-24 10:20:23 [WiFi] 掃描附近網路...
2026-07-24 10:20:26    1: 2-14-3F                           RSSI=-94  加密
2026-07-24 10:20:26    2: 20120306                          RSSI=-87  加密
2026-07-24 10:20:26    3: WZR-TPLINK                        RSSI=-85  加密
2026-07-24 10:20:26    4: TP-LINK_IoT                       RSSI=-85  加密
2026-07-24 10:20:26    5: WZR-TPLINK                        RSSI=-88  加密
2026-07-24 10:20:26    6: WZR 2F                            RSSI=-80  加密
2026-07-24 10:20:26    7: Jimmy-Wifi6                       RSSI=-64  加密
2026-07-24 10:20:26    8: Jimmy-Wifi6-2-4G                  RSSI=-65  加密
2026-07-24 10:20:26 [WiFi] 掃描結束
2026-07-24 10:20:30 [WiFi] 連線中...........[WiFi事件] ⚠️ 斷線!第 1 次,原因碼=4,已連線 0 秒,斷線前RSSI=0 dBm,本次最低RSSI=0 dBm
2026-07-24 10:20:30            (原因碼參考: 2=認證逾期 3=踢出 4=閒置逾時 8=AP離開 15=4-way握手逾時 200=收不到AP信標 201=找不到AP)
2026-07-24 10:20:30 [Heap] 可用=43080 bytes,最大連續區塊=42408 bytes,破碎率=2%
2026-07-24 10:20:31 ....
2026-07-24 10:20:31 [WiFi] 連線中,尚無訊號強度資料...
2026-07-24 10:20:32 ...[WiFi事件] 已連上 AP,SSID=Jimmy-Wifi6,頻道=9
2026-07-24 10:20:36 ..............
2026-07-24 10:20:36 [WiFi] 連線中,尚無訊號強度資料...
2026-07-24 10:20:39 .........
2026-07-24 10:20:39 [WiFi] 逾時,status=7,重新嘗試...
2026-07-24 10:20:41 ........
2026-07-24 10:20:41 [WiFi] 連線中,尚無訊號強度資料...
2026-07-24 10:20:46 .................
2026-07-24 10:20:46 [WiFi] 連線中,尚無訊號強度資料...
2026-07-24 10:20:51 ................
2026-07-24 10:20:51 [WiFi] 逾時,status=7,重新嘗試...
2026-07-24 10:20:51 .
2026-07-24 10:20:51 [WiFi] 連線中,尚無訊號強度資料...
2026-07-24 10:20:56 .................
2026-07-24 10:20:56 [WiFi] 連線中,尚無訊號強度資料...
2026-07-24 10:21:01 .................
2026-07-24 10:21:01 [WiFi] 連線中,尚無訊號強度資料...
2026-07-24 10:21:03 ......
2026-07-24 10:21:03 [WiFi] 逾時,status=7,重新嘗試...
2026-07-24 10:21:07 ...........
2026-07-24 10:21:07 [WiFi] 連線中,尚無訊號強度資料...
2026-07-24 10:21:12 .................
2026-07-24 10:21:12 [WiFi] 連線中,尚無訊號強度資料...
2026-07-24 10:21:16 .............
2026-07-24 10:21:16 [WiFi] 逾時,status=7,重新嘗試...
2026-07-24 10:21:17 ....
2026-07-24 10:21:17 [WiFi] 連線中,尚無訊號強度資料...
2026-07-24 10:21:22 .................
2026-07-24 10:21:22 [WiFi] 連線中,尚無訊號強度資料...
