===== monitor started 2026-07-24 19:12:20 @115200 =====
[19:12:28] SI=-70 dBm
[19:12:33] SI=-70 dBm
[19:12:38] SI=-71 dBm
[19:12:43] SI=-71 dBm
[19:12:48] SI=-70 dBm
[19:12:53] SI=-70 dBm
[19:12:58] SI=-70 dBm
[19:13:03] SI=-70 dBm
[19:13:08] SI=-70 dBm
[19:13:13] SI=-70 dBm
[19:14:14] lient: local 192.168.0.236:5556,>>> [ 109748] HomeKit: [Client 1>>> [ 110239] HomeKit: Free heap>>> [ 110269] HomeKit: [Client 110274] HomeKit: [Client 10736801[WiFi] 已連線,訊號強度 RS[WiFi] 已連線,訊號強度 RS[WiFi] 已連線,訊號強度 RS[WiFi] 已連線,訊號強度 RS[WiFi] 已連線,訊號強度 RS[WiFi] 已連線,訊號強度 RS[WiFi] 已連線,訊號強度 RS[WiFi] 已連線,訊號強度 RS[WiFi] 已連線,訊號強度 RS[WiFi] 已連線,訊號強度 RS[WiFi] 已連線,訊號強度 RS[WiFi] 已連線,訊號強度 RS>>> [ 170275] HomeKit: Got new c remote 192.168.0.211:52527
[19:15:07] >>> [ 170286] HomeKit: [Client 1>>> [ 170778] HomeKit: Free heap>>> [ 170800] HomeKit: [Client 170805] HomeKit: [Client 10736801[WiFi] 已連線,訊號強度 RS[WiFi] 已連線,訊號強度 RS[WiFi] 已連線,訊號強度 RS[WiFi] 已連線,訊號強度 RS[WiFi] 已連線,訊號強度 RS[WiFi] 已連線,訊號強度 RS[WiFi] 已連線,訊號強度 RS[WiFi] 已連線,訊號強度 RS[WiFi] 連線中,尚無訊號強[WiFi] 連線中,尚無訊號強>>> [ 223833] HomeKit: WiFi conn255.255.255.0, gw: 192.168.0.1
[19:15:43] >>> [ 223842] HomeKit: Configurin>>> [ 223849] HomeKit: MDNS rest[WiFi] 已連線,訊號強度 RS[WiFi] 已連線,訊號強度 RS[WiFi] 已連線,訊號強度 RS[WiFi] 已連線,訊號強度 RS[WiFi] 已連線,訊號強度 RS[WiFi] 已連線,訊號強度 RS[WiFi] 已連線,訊號強度 RS[WiFi] 已連線,訊號強度 RSSI=-71 dBm
[19:15:48] SI=-71 dBm
[19:15:53] SI=-71 dBm
[19:16:23] [WiFi] 已連線,訊號強度 RS[WiFi] 已連線,訊號強度 RS[WiFi] 已連線,訊號強度 RS[WiFi] 已連線,訊號強度 RS[WiFi] 已連線,訊號強度 RS[WiFi] 已連線,訊號強度 RSSI=-71 dBm
[19:16:28] SI=-72 dBm
[19:16:33] SI=-71 dBm
[19:16:38] SI=-71 dBm
[19:16:43] SI=-71 dBm
[19:16:48] SI=-72 dBm
[19:16:53] SI=-71 dBm
[19:16:58] SI=-71 dBm
[19:17:03] SI=-72 dBm
[19:17:08] SI=-71 dBm
[19:17:13] SI=-73 dBm
[19:17:18] SI=-71 dBm
[19:17:23] SI=-71 dBm
[19:17:28] SI=-70 dBm
[19:17:33] SI=-70 dBm
[19:17:38] SI=-71 dBm
[19:17:43] SI=-71 dBm
[19:17:48] SI=-71 dBm
[19:17:53] SI=-72 dBm
[19:17:58] SI=-72 dBm
[19:18:03] SI=-72 dBm
[19:18:08] SI=-72 dBm
[19:18:13] SI=-71 dBm
[19:18:18] SI=-71 dBm
[19:18:23] SI=-71 dBm
[19:18:28] SI=-72 dBm
[19:18:33] SI=-72 dBm
[19:18:38] SI=-72 dBm
[19:18:43] SI=-71 dBm
[19:18:48] SI=-71 dBm
[19:18:53] SI=-71 dBm
[19:18:58] SI=-71 dBm
[19:19:03] SI=-71 dBm
[19:19:08] SI=-72 dBm
[19:19:13] SI=-72 dBm
[19:19:23] SI=-71 dBm
[19:19:28] SI=-71 dBm
[19:19:33] SI=-73 dBm
[19:19:38] SI=-71 dBm
[19:19:43] SI=-71 dBm
[19:19:48] SI=-72 dBm
[19:19:53] SI=-71 dBm
[19:19:58] SI=-71 dBm
[19:20:03] SI=-71 dBm
