2026-07-24 09:47:35 [logger] 開始讀取序列埠
2026-07-24 09:47:35 [logger] 重置板子,捕捉開機訊息...
2026-07-24 09:47:36 [車庫門控制器 · 三開關版]
2026-07-24 09:47:36 [開機] 重置原因: External System
2026-07-24 09:47:36 [WiFi] 掃描附近網路...
2026-07-24 09:47:38    1: 2-14-3F                           RSSI=-91  加密
2026-07-24 09:47:38    2: Maverick - Dlink AP               RSSI=-74  加密
2026-07-24 09:47:38    3: WZR 2F                            RSSI=-83  加密
2026-07-24 09:47:38    4: Jimmy-Wifi6                       RSSI=-64  加密
2026-07-24 09:47:38    5: Jimmy-Wifi6-2-4G                  RSSI=-65  加密
2026-07-24 09:47:38 [WiFi] 掃描結束
2026-07-24 09:47:42 [WiFi] 連線中...........[WiFi事件] ⚠️ 斷線!第 1 次,原因碼=202,已連線 0 秒,斷線前RSSI=0 dBm,本次最低RSSI=0 dBm
2026-07-24 09:47:42            (原因碼參考: 2=認證逾期 3=踢出 4=閒置逾時 8=AP離開 15=4-way握手逾時 200=收不到AP信標 201=找不到AP)
2026-07-24 09:47:42 [Heap] 可用=43304 bytes,最大連續區塊=43056 bytes,破碎率=1%
2026-07-24 09:47:43 ....
2026-07-24 09:47:43 [WiFi] 連線中,尚無訊號強度資料...
2026-07-24 09:47:44 ...[WiFi事件] 已連上 AP,SSID=Jimmy-Wifi6-2-4G,頻道=9
2026-07-24 09:47:48 ..............
2026-07-24 09:47:48 [WiFi] 連線中,尚無訊號強度資料...
2026-07-24 09:47:51 .........
2026-07-24 09:47:51 [WiFi] 逾時,status=7,重新嘗試...
2026-07-24 09:47:53 ........
2026-07-24 09:47:53 [WiFi] 連線中,尚無訊號強度資料...
2026-07-24 09:47:59 .................
2026-07-24 09:47:59 [WiFi] 連線中,尚無訊號強度資料...
2026-07-24 09:48:03 ................
2026-07-24 09:48:03 [WiFi] 逾時,status=7,重新嘗試...
2026-07-24 09:48:04 .
2026-07-24 09:48:04 [WiFi] 連線中,尚無訊號強度資料...
2026-07-24 09:48:09 .................
2026-07-24 09:48:09 [WiFi] 連線中,尚無訊號強度資料...
2026-07-24 09:48:14 .................
2026-07-24 09:48:14 [WiFi] 連線中,尚無訊號強度資料...
2026-07-24 09:48:16 ......
2026-07-24 09:48:16 [WiFi] 逾時,status=7,重新嘗試...
2026-07-24 09:48:19 ...........
2026-07-24 09:48:19 [WiFi] 連線中,尚無訊號強度資料...
2026-07-24 09:48:24 .................
2026-07-24 09:48:24 [WiFi] 連線中,尚無訊號強度資料...
